2025-01-10 10:34:11 consultaCP - Listado de códigos Postales mostrado: 
2025-01-10 10:34:12 consultaCP - Listado de códigos Postales mostrado: 28001, 28002, 28003, 28004, 28005, 28006, 28007, 28008, 28009, 28010, 28011, 28012, 28013, 28014, 28015, 28016, 28017, 28018, 28019, 28020, 28021, 28022, 28023, 28024, 28025, 28026, 28027, 28028, 28029, 28030, 28031, 28032, 28033, 28034, 28035, 28036, 28037, 28038, 28039, 28040, 28041, 28042, 28043, 28044, 28045, 28046, 28047, 28048, 28049, 28050, 28051, 28052, 28053, 28054, 28055
2025-01-10 11:07:22 consultaCP - Listado de códigos Postales mostrado: 
2025-01-10 11:07:22 consultaCP - Listado de códigos Postales mostrado: 28001, 28002, 28003, 28004, 28005, 28006, 28007, 28008, 28009, 28010, 28011, 28012, 28013, 28014, 28015, 28016, 28017, 28018, 28019, 28020, 28021, 28022, 28023, 28024, 28025, 28026, 28027, 28028, 28029, 28030, 28031, 28032, 28033, 28034, 28035, 28036, 28037, 28038, 28039, 28040, 28041, 28042, 28043, 28044, 28045, 28046, 28047, 28048, 28049, 28050, 28051, 28052, 28053, 28054, 28055
2025-01-10 11:09:35 consultaCP - Listado de códigos Postales mostrado: 
2025-01-10 11:09:35 consultaCP - Listado de códigos Postales mostrado: 28001, 28002, 28003, 28004, 28005, 28006, 28007, 28008, 28009, 28010, 28011, 28012, 28013, 28014, 28015, 28016, 28017, 28018, 28019, 28020, 28021, 28022, 28023, 28024, 28025, 28026, 28027, 28028, 28029, 28030, 28031, 28032, 28033, 28034, 28035, 28036, 28037, 28038, 28039, 28040, 28041, 28042, 28043, 28044, 28045, 28046, 28047, 28048, 28049, 28050, 28051, 28052, 28053, 28054, 28055
2025-01-10 11:26:01 consultaCP - Listado de códigos Postales mostrado: 
2025-01-10 11:26:01 consultaCP - Listado de códigos Postales mostrado: 28001, 28002, 28003, 28004, 28005, 28006, 28007, 28008, 28009, 28010, 28011, 28012, 28013, 28014, 28015, 28016, 28017, 28018, 28019, 28020, 28021, 28022, 28023, 28024, 28025, 28026, 28027, 28028, 28029, 28030, 28031, 28032, 28033, 28034, 28035, 28036, 28037, 28038, 28039, 28040, 28041, 28042, 28043, 28044, 28045, 28046, 28047, 28048, 28049, 28050, 28051, 28052, 28053, 28054, 28055
2025-01-10 12:23:15 consultaCP - Listado de códigos Postales mostrado: 
2025-01-10 12:23:15 consultaCP - Listado de códigos Postales mostrado: 28001, 28002, 28003, 28004, 28005, 28006, 28007, 28008, 28009, 28010, 28011, 28012, 28013, 28014, 28015, 28016, 28017, 28018, 28019, 28020, 28021, 28022, 28023, 28024, 28025, 28026, 28027, 28028, 28029, 28030, 28031, 28032, 28033, 28034, 28035, 28036, 28037, 28038, 28039, 28040, 28041, 28042, 28043, 28044, 28045, 28046, 28047, 28048, 28049, 28050, 28051, 28052, 28053, 28054, 28055
2025-01-10 12:23:36 consultaCP - Listado de códigos Postales mostrado: 
2025-01-10 12:23:36 consultaCP - Listado de códigos Postales mostrado: 28001, 28002, 28003, 28004, 28005, 28006, 28007, 28008, 28009, 28010, 28011, 28012, 28013, 28014, 28015, 28016, 28017, 28018, 28019, 28020, 28021, 28022, 28023, 28024, 28025, 28026, 28027, 28028, 28029, 28030, 28031, 28032, 28033, 28034, 28035, 28036, 28037, 28038, 28039, 28040, 28041, 28042, 28043, 28044, 28045, 28046, 28047, 28048, 28049, 28050, 28051, 28052, 28053, 28054, 28055
2025-01-10 14:42:19 consultaCP - Listado de códigos Postales mostrado: 
2025-01-10 14:42:19 consultaCP - Listado de códigos Postales mostrado: 28001, 28002, 28003, 28004, 28005, 28006, 28007, 28008, 28009, 28010, 28011, 28012, 28013, 28014, 28015, 28016, 28017, 28018, 28019, 28020, 28021, 28022, 28023, 28024, 28025, 28026, 28027, 28028, 28029, 28030, 28031, 28032, 28033, 28034, 28035, 28036, 28037, 28038, 28039, 28040, 28041, 28042, 28043, 28044, 28045, 28046, 28047, 28048, 28049, 28050, 28051, 28052, 28053, 28054, 28055
2025-01-10 14:43:31 consultaCP - Listado de códigos Postales mostrado: 
2025-01-11 09:29:59 consultaCP - Listado de códigos Postales mostrado: 
2025-01-11 09:35:37 consultaCP - Listado de códigos Postales mostrado: 
2025-01-11 09:35:58 consultaCP - Listado de códigos Postales mostrado: 
2025-01-11 09:35:59 consultaCP - Listado de códigos Postales mostrado: 
2025-01-11 09:38:50 consultaCP - Listado de códigos Postales mostrado: 
2025-01-11 09:43:25 consultaCP - Listado de códigos Postales mostrado: 
2025-01-11 09:44:15 consultaCP - Listado de códigos Postales mostrado: 
2025-01-11 09:46:18 consultaCP - Listado de códigos Postales mostrado: 
2025-01-11 09:48:14 consultaCP - Listado de códigos Postales mostrado: 
2025-01-11 10:08:01 consultaCP - Listado de códigos Postales mostrado: 
2025-01-11 10:19:06 consultaCP - Listado de códigos Postales mostrado: 
2025-01-11 10:19:07 consultaCP - Listado de códigos Postales mostrado: 28001, 28002, 28003, 28004, 28005, 28006, 28007, 28008, 28009, 28010, 28011, 28012, 28013, 28014, 28015, 28016, 28017, 28018, 28019, 28020, 28021, 28022, 28023, 28024, 28025, 28026, 28027, 28028, 28029, 28030, 28031, 28032, 28033, 28034, 28035, 28036, 28037, 28038, 28039, 28040, 28041, 28042, 28043, 28044, 28045, 28046, 28047, 28048, 28049, 28050, 28051, 28052, 28053, 28054, 28055
2025-01-11 10:19:40 consultaCP - Listado de códigos Postales mostrado: 
2025-01-11 10:19:41 consultaCP - Listado de códigos Postales mostrado: 28001, 28002, 28003, 28004, 28005, 28006, 28007, 28008, 28009, 28010, 28011, 28012, 28013, 28014, 28015, 28016, 28017, 28018, 28019, 28020, 28021, 28022, 28023, 28024, 28025, 28026, 28027, 28028, 28029, 28030, 28031, 28032, 28033, 28034, 28035, 28036, 28037, 28038, 28039, 28040, 28041, 28042, 28043, 28044, 28045, 28046, 28047, 28048, 28049, 28050, 28051, 28052, 28053, 28054, 28055
2025-01-11 10:19:48 consultaCP - Listado de códigos Postales mostrado: 
2025-01-11 10:19:48 consultaCP - Listado de códigos Postales mostrado: 28001, 28002, 28003, 28004, 28005, 28006, 28007, 28008, 28009, 28010, 28011, 28012, 28013, 28014, 28015, 28016, 28017, 28018, 28019, 28020, 28021, 28022, 28023, 28024, 28025, 28026, 28027, 28028, 28029, 28030, 28031, 28032, 28033, 28034, 28035, 28036, 28037, 28038, 28039, 28040, 28041, 28042, 28043, 28044, 28045, 28046, 28047, 28048, 28049, 28050, 28051, 28052, 28053, 28054, 28055
2025-01-11 10:20:58 consultaCP - Listado de códigos Postales mostrado: 
2025-01-11 10:20:58 consultaCP - Listado de códigos Postales mostrado: 28001, 28002, 28003, 28004, 28005, 28006, 28007, 28008, 28009, 28010, 28011, 28012, 28013, 28014, 28015, 28016, 28017, 28018, 28019, 28020, 28021, 28022, 28023, 28024, 28025, 28026, 28027, 28028, 28029, 28030, 28031, 28032, 28033, 28034, 28035, 28036, 28037, 28038, 28039, 28040, 28041, 28042, 28043, 28044, 28045, 28046, 28047, 28048, 28049, 28050, 28051, 28052, 28053, 28054, 28055
2025-01-11 10:21:56 consultaCP - Listado de códigos Postales mostrado: 
2025-01-11 10:22:44 consultaCP - Listado de códigos Postales mostrado: 
2025-01-11 10:22:44 consultaCP - Listado de códigos Postales mostrado: 28001, 28002, 28003, 28004, 28005, 28006, 28007, 28008, 28009, 28010, 28011, 28012, 28013, 28014, 28015, 28016, 28017, 28018, 28019, 28020, 28021, 28022, 28023, 28024, 28025, 28026, 28027, 28028, 28029, 28030, 28031, 28032, 28033, 28034, 28035, 28036, 28037, 28038, 28039, 28040, 28041, 28042, 28043, 28044, 28045, 28046, 28047, 28048, 28049, 28050, 28051, 28052, 28053, 28054, 28055
2025-01-11 10:23:02 consultaCP - Listado de códigos Postales mostrado: 
2025-01-11 10:23:02 consultaCP - Listado de códigos Postales mostrado: 28001, 28002, 28003, 28004, 28005, 28006, 28007, 28008, 28009, 28010, 28011, 28012, 28013, 28014, 28015, 28016, 28017, 28018, 28019, 28020, 28021, 28022, 28023, 28024, 28025, 28026, 28027, 28028, 28029, 28030, 28031, 28032, 28033, 28034, 28035, 28036, 28037, 28038, 28039, 28040, 28041, 28042, 28043, 28044, 28045, 28046, 28047, 28048, 28049, 28050, 28051, 28052, 28053, 28054, 28055
2025-01-11 10:23:10 consultaCP - Listado de códigos Postales mostrado: 
2025-01-11 10:23:10 consultaCP - Listado de códigos Postales mostrado: 28001, 28002, 28003, 28004, 28005, 28006, 28007, 28008, 28009, 28010, 28011, 28012, 28013, 28014, 28015, 28016, 28017, 28018, 28019, 28020, 28021, 28022, 28023, 28024, 28025, 28026, 28027, 28028, 28029, 28030, 28031, 28032, 28033, 28034, 28035, 28036, 28037, 28038, 28039, 28040, 28041, 28042, 28043, 28044, 28045, 28046, 28047, 28048, 28049, 28050, 28051, 28052, 28053, 28054, 28055
2025-01-11 10:24:22 consultaCP - Listado de códigos Postales mostrado: 
2025-01-11 10:24:22 consultaCP - Listado de códigos Postales mostrado: 28001, 28002, 28003, 28004, 28005, 28006, 28007, 28008, 28009, 28010, 28011, 28012, 28013, 28014, 28015, 28016, 28017, 28018, 28019, 28020, 28021, 28022, 28023, 28024, 28025, 28026, 28027, 28028, 28029, 28030, 28031, 28032, 28033, 28034, 28035, 28036, 28037, 28038, 28039, 28040, 28041, 28042, 28043, 28044, 28045, 28046, 28047, 28048, 28049, 28050, 28051, 28052, 28053, 28054, 28055
2025-01-11 10:25:31 consultaCP - Listado de códigos Postales mostrado: 
2025-01-11 10:25:31 consultaCP - Listado de códigos Postales mostrado: 28001, 28002, 28003, 28004, 28005, 28006, 28007, 28008, 28009, 28010, 28011, 28012, 28013, 28014, 28015, 28016, 28017, 28018, 28019, 28020, 28021, 28022, 28023, 28024, 28025, 28026, 28027, 28028, 28029, 28030, 28031, 28032, 28033, 28034, 28035, 28036, 28037, 28038, 28039, 28040, 28041, 28042, 28043, 28044, 28045, 28046, 28047, 28048, 28049, 28050, 28051, 28052, 28053, 28054, 28055
2025-01-11 10:27:49 consultaCP - Listado de códigos Postales mostrado: 
2025-01-11 10:27:49 consultaCP - Listado de códigos Postales mostrado: 28001, 28002, 28003, 28004, 28005, 28006, 28007, 28008, 28009, 28010, 28011, 28012, 28013, 28014, 28015, 28016, 28017, 28018, 28019, 28020, 28021, 28022, 28023, 28024, 28025, 28026, 28027, 28028, 28029, 28030, 28031, 28032, 28033, 28034, 28035, 28036, 28037, 28038, 28039, 28040, 28041, 28042, 28043, 28044, 28045, 28046, 28047, 28048, 28049, 28050, 28051, 28052, 28053, 28054, 28055
2025-01-11 10:31:21 consultaCP - Listado de códigos Postales mostrado: 
2025-01-11 10:31:21 consultaCP - Listado de códigos Postales mostrado: 28001, 28002, 28003, 28004, 28005, 28006, 28007, 28008, 28009, 28010, 28011, 28012, 28013, 28014, 28015, 28016, 28017, 28018, 28019, 28020, 28021, 28022, 28023, 28024, 28025, 28026, 28027, 28028, 28029, 28030, 28031, 28032, 28033, 28034, 28035, 28036, 28037, 28038, 28039, 28040, 28041, 28042, 28043, 28044, 28045, 28046, 28047, 28048, 28049, 28050, 28051, 28052, 28053, 28054, 28055
2025-01-11 10:34:12 consultaCP - Listado de códigos Postales mostrado: 
2025-01-11 10:36:56 consultaCP - Listado de códigos Postales mostrado: 
2025-01-11 10:37:18 consultaCP - Listado de códigos Postales mostrado: 
2025-01-11 10:37:46 consultaCP - Listado de códigos Postales mostrado: 
2025-01-11 10:38:02 consultaCP - Listado de códigos Postales mostrado: 
2025-01-11 10:38:04 consultaCP - Listado de códigos Postales mostrado: 
2025-01-11 10:38:22 consultaCP - Listado de códigos Postales mostrado: 
2025-01-11 11:04:09 consultaCP - Listado de códigos Postales mostrado: 
2025-01-11 11:05:42 consultaCP - Listado de códigos Postales mostrado: 
2025-01-11 11:13:22 consultaCP - Listado de códigos Postales mostrado: 
2025-01-11 11:13:37 consultaCP - Listado de códigos Postales mostrado: 
2025-01-11 11:16:09 consultaCP - Listado de códigos Postales mostrado: 
2025-01-11 11:16:09 consultaCP - Listado de códigos Postales mostrado: 28001, 28002, 28003, 28004, 28005, 28006, 28007, 28008, 28009, 28010, 28011, 28012, 28013, 28014, 28015, 28016, 28017, 28018, 28019, 28020, 28021, 28022, 28023, 28024, 28025, 28026, 28027, 28028, 28029, 28030, 28031, 28032, 28033, 28034, 28035, 28036, 28037, 28038, 28039, 28040, 28041, 28042, 28043, 28044, 28045, 28046, 28047, 28048, 28049, 28050, 28051, 28052, 28053, 28054, 28055
2025-01-11 11:17:06 consultaCP - Listado de códigos Postales mostrado: 
2025-01-11 11:17:06 consultaCP - Listado de códigos Postales mostrado: 28001, 28002, 28003, 28004, 28005, 28006, 28007, 28008, 28009, 28010, 28011, 28012, 28013, 28014, 28015, 28016, 28017, 28018, 28019, 28020, 28021, 28022, 28023, 28024, 28025, 28026, 28027, 28028, 28029, 28030, 28031, 28032, 28033, 28034, 28035, 28036, 28037, 28038, 28039, 28040, 28041, 28042, 28043, 28044, 28045, 28046, 28047, 28048, 28049, 28050, 28051, 28052, 28053, 28054, 28055
