2024-12-27 13:52:32 session - Nombre: Luis Role: administrador Email: luis@luis.es
2024-12-27 13:56:03 session - Nombre: Luis Role: administrador Email: luis@luis.es
2024-12-27 14:05:22 session - Nombre: Luis Role: administrador Email: luis@luis.es
2024-12-27 14:06:01 session - Nombre: Luis Role: administrador Email: luis@luis.es
2024-12-27 14:07:55 session - Nombre: Luis Role: administrador Email: luis@luis.es
2024-12-27 14:17:21 session - Nombre: Luis Role: administrador Email: luis@luis.es
2024-12-27 14:19:18 session - Nombre: Pepe Role: usuarioBusca Email: pepe@pepe.es
2024-12-27 14:21:11 session - Nombre: Luis Role: administrador Email: luis@luis.es
2024-12-27 14:28:57 session - Nombre: Luis Role: administrador Email: luis@luis.es
2024-12-27 17:37:51 session - Nombre: Luis Role: administrador Email: luis@luis.es
2024-12-27 18:28:36 session - Nombre: Luis Role: administrador Email: luis@luis.es
2024-12-27 18:30:43 session - Nombre: Luis Role: administrador Email: luis@luis.es
2024-12-27 18:31:25 session - Nombre: Luis Role: administrador Email: luis@luis.es
2024-12-27 18:31:48 session - Nombre: Luis Role: administrador Email: luis@luis.es
2024-12-27 18:34:00 session - Nombre: Rodri Role: usuarioBusca Email: rodri@rodri.es
2024-12-27 19:03:26 session - Nombre: Luis Role: administrador Email: luis@luis.es
2024-12-27 19:11:59 session - Nombre: Luis Role: administrador Email: luis@luis.es
2024-12-27 19:13:35 session - Nombre: Luis Rol: administrador Email: luis@luis.es
2024-12-27 19:14:36 session - Nombre: Luis Rol: administrador Email: luis@luis.es
2024-12-27 19:19:05 session - Nombre: Luis Rol: administrador Email: luis@luis.es
2024-12-27 19:21:06 session - Nombre: Luis Rol: administrador Email: luis@luis.es
2024-12-27 19:42:46 session - Nombre: Eva Rol: usuarioBusca Email: eva@eva.com
2024-12-28 08:40:48 session - Nombre: Luis Rol: administrador Email: luis@luis.es
2024-12-28 09:20:29 session - Nombre: Luis Rol: administrador Email: luis@luis.es
2024-12-28 09:24:09 session - Nombre: Eva Rol: usuarioBusca Email: eva@eva.com
2024-12-28 09:26:39 session - Nombre: Luis Rol: administrador Email: luis@luis.es
2024-12-28 10:08:57 session - Nombre: Luis Rol: administrador Email: luis@luis.es
2024-12-29 10:19:46 session - Nombre: Luis Rol: administrador Email: luis@luis.es
2024-12-29 17:00:44 session - Nombre: Luis Rol: administrador Email: luis@luis.es
2024-12-29 17:01:02 session - Nombre: Luis Rol: administrador Email: luis@luis.es
2024-12-29 17:03:12 session - Nombre: Luis Rol: administrador Email: luis@luis.es
2024-12-29 17:06:33 session - Nombre: Luis Rol: administrador Email: luis@luis.es
2024-12-29 17:09:28 session - Nombre: Luis Rol: administrador Email: luis@luis.es
2024-12-29 19:30:53 session - Nombre: Luis Rol: administrador Email: luis@luis.es
2024-12-29 19:39:21 session - Nombre: Luis Rol: administrador Email: luis@luis.es
2024-12-29 20:34:17 session - Nombre: Eva Rol: usuarioBusca Email: eva@eva.com
2024-12-30 18:09:51 session - Nombre: Luis Rol: administrador Email: luis@luis.es
2024-12-30 19:22:25 session - Nombre: Luis Rol: administrador Email: luis@luis.es
2024-12-30 19:22:49 session - Nombre: Eva Rol: usuarioBusca Email: eva@eva.com
2024-12-30 20:35:51 session - Nombre: Luis Rol: administrador Email: luis@luis.es
2024-12-30 20:37:48 session - Nombre: Luis Rol: administrador Email: luis@luis.es
2024-12-31 13:47:32 session - Nombre: Luis Rol: administrador Email: luis@luis.es
2024-12-31 14:13:45 session - Nombre: Luis Rol: administrador Email: luis@luis.es
2024-12-31 17:07:10 session - Nombre: Luis Rol: administrador Email: luis@luis.es
2025-01-01 12:05:59 session - Nombre: Luis Rol: administrador Email: luis@luis.es
2025-01-01 18:33:06 session - Nombre: Luis Rol: administrador Email: luis@luis.es
2025-01-01 18:49:39 session - Nombre: Luis Rol: administrador Email: luis@luis.es
2025-01-01 20:07:33 session - Nombre: Luis Rol: administrador Email: luis@luis.es
2025-01-01 20:15:27 session - Nombre: Luis Rol: administrador Email: luis@luis.es
2025-01-01 20:25:55 session - Nombre: Luis Rol: administrador Email: luis@luis.es
2025-01-02 13:44:55 session - Nombre: Luis Rol: administrador Email: luis@luis.es
2025-01-02 15:51:29 session - Nombre: Luis Rol: administrador Email: luis@luis.es
2025-01-02 16:00:42 session - Nombre: Luis Rol: administrador Email: luis@luis.es
2025-01-02 19:56:13 session - Nombre: Luis Rol: administrador Email: luis@luis.es
2025-01-03 10:31:11 session - Nombre: Luis Rol: administrador Email: luis@luis.es
2025-01-03 11:36:25 session - Nombre: Luis Rol: administrador Email: luis@luis.es
2025-01-03 13:36:43 session - Nombre: Luis Rol: administrador Email: luis@luis.es
2025-01-03 14:11:00 session - Nombre: Luis Rol: administrador Email: luis@luis.es
2025-01-03 14:14:07 session - Nombre: Luis Rol: administrador Email: luis@luis.es
2025-01-03 14:27:42 session - Nombre: Luis Rol: administrador Email: luis@luis.es
2025-01-03 14:36:07 session - Nombre: Luis Rol: administrador Email: luis@luis.es
2025-01-03 14:37:30 session - Nombre: Luis Rol: administrador Email: luis@luis.es
2025-01-03 14:38:22 session - Nombre: Luis Rol: administrador Email: luis@luis.es
2025-01-03 14:39:04 session - Nombre: Luis Rol: administrador Email: luis@luis.es
2025-01-03 14:39:38 session - Nombre: Luis Rol: administrador Email: luis@luis.es
2025-01-03 16:36:04 session - Nombre: Luis Rol: administrador Email: luis@luis.es
2025-01-03 17:32:21 session - Nombre: Luis Rol: administrador Email: luis@luis.es
2025-01-03 17:37:07 session - Nombre: Eva Rol: usuarioBusca Email: eva@eva.com
2025-01-04 09:41:31 session - Nombre: Luis Rol: administrador Email: luis@luis.es
2025-01-04 11:16:43 session - Nombre: Luis Rol: administrador Email: luis@luis.es
2025-01-04 11:26:07 session - Nombre: Luis Rol: administrador Email: luis@luis.es
2025-01-04 11:26:30 session - Nombre: Luis Rol: administrador Email: luis@luis.es
2025-01-04 11:37:12 session - Nombre: Luis Rol: administrador Email: luis@luis.es
2025-01-04 11:56:40 session - Nombre: Eva Rol: usuarioBusca Email: eva@eva.com
2025-01-04 11:56:55 session - Nombre: Luis Rol: administrador Email: luis@luis.es
2025-01-04 12:06:47 session - Nombre: Eva Rol: usuarioBusca Email: eva@eva.com
2025-01-04 16:35:14 session - Nombre: Eva Rol: usuarioBusca Email: eva@eva.com
2025-01-04 17:42:34 session - Nombre: Luis Rol: administrador Email: luis@luis.es
2025-01-04 17:43:30 session - Nombre: Luis Rol: administrador Email: luis@luis.es
2025-01-04 18:01:21 session - Nombre: Luis Rol: administrador Email: luis@luis.es
2025-01-04 18:29:22 session - Nombre: Luis Rol: administrador Email: luis@luis.es
2025-01-04 18:33:20 session - Nombre: Luis Rol: administrador Email: luis@luis.es
2025-01-04 18:48:56 session - Nombre: Luis Rol: administrador Email: luis@luis.es
2025-01-04 18:54:35 session - Nombre: Luis Rol: administrador Email: luis@luis.es
